###################### UltraGCN Plus Plus ######################
./configs/ultragcn_amazonbooks_m1-10000-pre.ini
torch.cuda.is_available() True
cuda
load path = ./amazon_ii_constraint_mat object
load path = ./amazon_ii_neighbor_mat object
Load Configuration OK, show them below
Configuration:
{'embedding_dim': 64, 'ii_neighbor_num': 10, 'model_save_path': './ultragcn_amazon.pt', 'max_epoch': 2000, 'enable_tensorboard': True, 'initial_weight': 0.0001, 'dataset': 'amazon', 'gpu': '0', 'device': device(type='cuda'), 'lr': 0.001, 'batch_size': 1024, 'early_stop_epoch': 15, 'w1': 1e-08, 'w2': 1.0, 'w3': 1.0, 'w4': 1e-08, 'negative_num': 10000, 'negative_weight': 500.0, 'gamma': 0.0001, 'lambda': 2.75, 'sampling_sift_pos': False, 'test_batch_size': 2048, 'topk': 20, 'user_num': 52643, 'item_num': 91599}
start load weight
torch.Size([52643, 64])
torch.Size([91599, 64])
end load weight
cuda
Total training batches = 2325
The time for epoch 0 is: train time = 00: 12: 10, test time = 00: 00: 42
Loss = 50.57644, F1-score: 0.010272 	 Precision: 0.00737	 Recall: 0.01696	NDCG: 0.01342
The time for epoch 5 is: train time = 00: 11: 13, test time = 00: 00: 40
Loss = 517.03156, F1-score: 0.020040 	 Precision: 0.01455	 Recall: 0.03219	NDCG: 0.02649
The time for epoch 10 is: train time = 00: 11: 17, test time = 00: 00: 39
Loss = 538.66321, F1-score: 0.028412 	 Precision: 0.02034	 Recall: 0.04711	NDCG: 0.03849
The time for epoch 15 is: train time = 00: 11: 17, test time = 00: 00: 36
Loss = 550.76422, F1-score: 0.034126 	 Precision: 0.02431	 Recall: 0.05726	NDCG: 0.04684
The time for epoch 20 is: train time = 00: 11: 21, test time = 00: 00: 36
Loss = 585.28833, F1-score: 0.037468 	 Precision: 0.02662	 Recall: 0.06324	NDCG: 0.05175
The time for epoch 25 is: train time = 00: 11: 20, test time = 00: 00: 36
Loss = 604.82391, F1-score: 0.039208 	 Precision: 0.02782	 Recall: 0.06639	NDCG: 0.05436
The time for epoch 30 is: train time = 00: 11: 32, test time = 00: 00: 36
Loss = 628.29321, F1-score: 0.039926 	 Precision: 0.02828	 Recall: 0.06787	NDCG: 0.05540
The time for epoch 35 is: train time = 00: 11: 18, test time = 00: 00: 35
Loss = 623.96222, F1-score: 0.040359 	 Precision: 0.02859	 Recall: 0.06857	NDCG: 0.05602
The time for epoch 40 is: train time = 00: 11: 33, test time = 00: 00: 37
Loss = 638.82434, F1-score: 0.040294 	 Precision: 0.02852	 Recall: 0.06862	NDCG: 0.05621
The time for epoch 45 is: train time = 00: 11: 28, test time = 00: 00: 36
Loss = 629.34070, F1-score: 0.040351 	 Precision: 0.02858	 Recall: 0.06863	NDCG: 0.05637
The time for epoch 50 is: train time = 00: 11: 31, test time = 00: 00: 35
Loss = 625.80554, F1-score: 0.040380 	 Precision: 0.02861	 Recall: 0.06863	NDCG: 0.05624
The time for epoch 51 is: train time = 00: 11: 36, test time = 00: 00: 35
Loss = 632.58374, F1-score: 0.040514 	 Precision: 0.02870	 Recall: 0.06886	NDCG: 0.05629
The time for epoch 52 is: train time = 00: 11: 31, test time = 00: 00: 35
Loss = 622.24023, F1-score: 0.040435 	 Precision: 0.02864	 Recall: 0.06874	NDCG: 0.05632
The time for epoch 53 is: train time = 00: 11: 26, test time = 00: 00: 36
Loss = 617.87085, F1-score: 0.040488 	 Precision: 0.02867	 Recall: 0.06890	NDCG: 0.05624
The time for epoch 54 is: train time = 00: 11: 36, test time = 00: 00: 39
Loss = 618.52380, F1-score: 0.040493 	 Precision: 0.02868	 Recall: 0.06886	NDCG: 0.05643
The time for epoch 55 is: train time = 00: 11: 33, test time = 00: 00: 36
Loss = 630.35907, F1-score: 0.040488 	 Precision: 0.02867	 Recall: 0.06888	NDCG: 0.05651
The time for epoch 56 is: train time = 00: 11: 19, test time = 00: 00: 33
Loss = 617.20667, F1-score: 0.040602 	 Precision: 0.02875	 Recall: 0.06909	NDCG: 0.05646
The time for epoch 57 is: train time = 00: 11: 20, test time = 00: 00: 32
Loss = 617.88641, F1-score: 0.040714 	 Precision: 0.02884	 Recall: 0.06921	NDCG: 0.05671
The time for epoch 58 is: train time = 00: 11: 31, test time = 00: 00: 33
Loss = 621.58746, F1-score: 0.040480 	 Precision: 0.02867	 Recall: 0.06885	NDCG: 0.05644
The time for epoch 59 is: train time = 00: 11: 35, test time = 00: 00: 34
Loss = nan, F1-score: 0.000784 	 Precision: 0.00062	 Recall: 0.00108	NDCG: 0.00089
The time for epoch 60 is: train time = 00: 11: 34, test time = 00: 00: 34
Loss = nan, F1-score: 0.000784 	 Precision: 0.00062	 Recall: 0.00108	NDCG: 0.00089
